<?xml version="1.0" encoding="UTF-8"?>
<!-- Generated by org.testng.reporters.JUnitXMLReporter -->
<testsuite ignored="0" hostname="Atul_Singh" failures="0" tests="6" name="Default test" time="102.282" errors="0" timestamp="2025-03-01T18:53:07 IST">
  <testcase classname="Test.DashboardTest" name="verifyDashboardTitle" time="0.027"/>
  <testcase classname="Test.DashboardTest" name="navigateToFlightBookingSection" time="1.256"/>
  <testcase classname="Test.DashboardTest" name="testSearchFlight" time="74.589"/>
  <testcase classname="Test.DashboardTest" name="testFilterAndVerifySearchResults" time="0.161"/>
  <testcase classname="Test.DashboardTest" name="testChooseAndSelectFlight" time="8.825"/>
  <testcase classname="Test.DashboardTest" name="testEnterBookingDetails" time="9.874"/>
</testsuite> <!-- Default test -->
