<?xml version="1.0" encoding="UTF-8"?>
<!-- Generated by org.testng.reporters.JUnitXMLReporter -->
<testsuite ignored="0" hostname="Atul_Singh" failures="0" tests="6" name="Default test" time="110.925" errors="0" timestamp="2025-02-28T23:54:38 IST">
  <testcase classname="Test.DashboardTest" name="verifyDashboardTitle" time="0.029"/>
  <testcase classname="Test.DashboardTest" name="navigateToFlightBookingSection" time="1.244"/>
  <testcase classname="Test.DashboardTest" name="testSearchFlight" time="77.862"/>
  <testcase classname="Test.DashboardTest" name="testFilterAndVerifySearchResults" time="0.22"/>
  <testcase classname="Test.DashboardTest" name="testChooseAndSelectFlight" time="3.465"/>
  <testcase classname="Test.DashboardTest" name="testEnterBookingDetails" time="3.756"/>
</testsuite> <!-- Default test -->
