<?xml version="1.0" encoding="UTF-8"?>
<testng-results ignored="0" total="6" passed="6" failed="0" skipped="0">
  <reporter-output>
  </reporter-output>
  <suite started-at="2025-03-01T18:51:25 IST" name="Default suite" finished-at="2025-03-01T18:53:07 IST" duration-ms="102282">
    <groups>
    </groups>
    <test started-at="2025-03-01T18:51:25 IST" name="Default test" finished-at="2025-03-01T18:53:07 IST" duration-ms="102282">
      <class name="Test.DashboardTest">
        <test-method is-config="true" signature="setupSuite()[pri:0, instance:Test.DashboardTest@5fe94a96]" started-at="2025-03-01T18:51:12 IST" name="setupSuite" finished-at="2025-03-01T18:51:25 IST" duration-ms="13009" status="PASS">
          <reporter-output>
          </reporter-output>
        </test-method> <!-- setupSuite -->
        <test-method is-config="true" signature="setup()[pri:0, instance:Test.DashboardTest@5fe94a96]" started-at="2025-03-01T18:51:25 IST" name="setup" finished-at="2025-03-01T18:51:32 IST" duration-ms="7067" status="PASS">
          <reporter-output>
          </reporter-output>
        </test-method> <!-- setup -->
        <test-method signature="verifyDashboardTitle()[pri:1, instance:Test.DashboardTest@5fe94a96]" started-at="2025-03-01T18:51:32 IST" name="verifyDashboardTitle" finished-at="2025-03-01T18:51:32 IST" duration-ms="27" status="PASS">
          <reporter-output>
          </reporter-output>
        </test-method> <!-- verifyDashboardTitle -->
        <test-method signature="navigateToFlightBookingSection()[pri:2, instance:Test.DashboardTest@5fe94a96]" started-at="2025-03-01T18:51:32 IST" name="navigateToFlightBookingSection" finished-at="2025-03-01T18:51:33 IST" duration-ms="1256" status="PASS">
          <reporter-output>
          </reporter-output>
        </test-method> <!-- navigateToFlightBookingSection -->
        <test-method signature="testSearchFlight()[pri:3, instance:Test.DashboardTest@5fe94a96]" started-at="2025-03-01T18:51:33 IST" name="testSearchFlight" finished-at="2025-03-01T18:52:48 IST" duration-ms="74589" status="PASS">
          <reporter-output>
          </reporter-output>
        </test-method> <!-- testSearchFlight -->
        <test-method signature="testFilterAndVerifySearchResults()[pri:4, instance:Test.DashboardTest@5fe94a96]" started-at="2025-03-01T18:52:48 IST" name="testFilterAndVerifySearchResults" finished-at="2025-03-01T18:52:48 IST" duration-ms="161" status="PASS">
          <reporter-output>
          </reporter-output>
        </test-method> <!-- testFilterAndVerifySearchResults -->
        <test-method signature="testChooseAndSelectFlight()[pri:5, instance:Test.DashboardTest@5fe94a96]" started-at="2025-03-01T18:52:48 IST" name="testChooseAndSelectFlight" finished-at="2025-03-01T18:52:57 IST" duration-ms="8825" status="PASS">
          <reporter-output>
          </reporter-output>
        </test-method> <!-- testChooseAndSelectFlight -->
        <test-method signature="testEnterBookingDetails()[pri:6, instance:Test.DashboardTest@5fe94a96]" started-at="2025-03-01T18:52:57 IST" name="testEnterBookingDetails" finished-at="2025-03-01T18:53:06 IST" duration-ms="9874" status="PASS">
          <reporter-output>
          </reporter-output>
        </test-method> <!-- testEnterBookingDetails -->
        <test-method is-config="true" signature="teardown()[pri:0, instance:Test.DashboardTest@5fe94a96]" started-at="2025-03-01T18:53:06 IST" name="teardown" finished-at="2025-03-01T18:53:07 IST" duration-ms="433" status="PASS">
          <reporter-output>
          </reporter-output>
        </test-method> <!-- teardown -->
        <test-method is-config="true" signature="cleanupSuite()[pri:0, instance:Test.DashboardTest@5fe94a96]" started-at="2025-03-01T18:53:07 IST" name="cleanupSuite" finished-at="2025-03-01T18:53:07 IST" duration-ms="14" status="PASS">
          <reporter-output>
          </reporter-output>
        </test-method> <!-- cleanupSuite -->
      </class> <!-- Test.DashboardTest -->
    </test> <!-- Default test -->
  </suite> <!-- Default suite -->
</testng-results>
