<?xml version="1.0" encoding="UTF-8"?>
<testng-results ignored="0" total="6" passed="6" failed="0" skipped="0">
  <reporter-output>
  </reporter-output>
  <suite started-at="2025-02-28T23:52:47 IST" name="Default suite" finished-at="2025-02-28T23:54:38 IST" duration-ms="110925">
    <groups>
    </groups>
    <test started-at="2025-02-28T23:52:47 IST" name="Default test" finished-at="2025-02-28T23:54:38 IST" duration-ms="110925">
      <class name="Test.DashboardTest">
        <test-method is-config="true" signature="setupSuite()[pri:0, instance:Test.DashboardTest@5fe94a96]" started-at="2025-02-28T23:52:34 IST" name="setupSuite" finished-at="2025-02-28T23:52:47 IST" duration-ms="12507" status="PASS">
          <reporter-output>
          </reporter-output>
        </test-method> <!-- setupSuite -->
        <test-method is-config="true" signature="setup()[pri:0, instance:Test.DashboardTest@5fe94a96]" started-at="2025-02-28T23:52:47 IST" name="setup" finished-at="2025-02-28T23:53:11 IST" duration-ms="23916" status="PASS">
          <reporter-output>
          </reporter-output>
        </test-method> <!-- setup -->
        <test-method signature="verifyDashboardTitle()[pri:1, instance:Test.DashboardTest@5fe94a96]" started-at="2025-02-28T23:53:11 IST" name="verifyDashboardTitle" finished-at="2025-02-28T23:53:11 IST" duration-ms="29" status="PASS">
          <reporter-output>
          </reporter-output>
        </test-method> <!-- verifyDashboardTitle -->
        <test-method signature="navigateToFlightBookingSection()[pri:2, instance:Test.DashboardTest@5fe94a96]" started-at="2025-02-28T23:53:11 IST" name="navigateToFlightBookingSection" finished-at="2025-02-28T23:53:12 IST" duration-ms="1244" status="PASS">
          <reporter-output>
          </reporter-output>
        </test-method> <!-- navigateToFlightBookingSection -->
        <test-method signature="testSearchFlight()[pri:3, instance:Test.DashboardTest@5fe94a96]" started-at="2025-02-28T23:53:12 IST" name="testSearchFlight" finished-at="2025-02-28T23:54:30 IST" duration-ms="77862" status="PASS">
          <reporter-output>
          </reporter-output>
        </test-method> <!-- testSearchFlight -->
        <test-method signature="testFilterAndVerifySearchResults()[pri:4, instance:Test.DashboardTest@5fe94a96]" started-at="2025-02-28T23:54:30 IST" name="testFilterAndVerifySearchResults" finished-at="2025-02-28T23:54:30 IST" duration-ms="220" status="PASS">
          <reporter-output>
          </reporter-output>
        </test-method> <!-- testFilterAndVerifySearchResults -->
        <test-method signature="testChooseAndSelectFlight()[pri:5, instance:Test.DashboardTest@5fe94a96]" started-at="2025-02-28T23:54:30 IST" name="testChooseAndSelectFlight" finished-at="2025-02-28T23:54:34 IST" duration-ms="3465" status="PASS">
          <reporter-output>
          </reporter-output>
        </test-method> <!-- testChooseAndSelectFlight -->
        <test-method signature="testEnterBookingDetails()[pri:6, instance:Test.DashboardTest@5fe94a96]" started-at="2025-02-28T23:54:34 IST" name="testEnterBookingDetails" finished-at="2025-02-28T23:54:37 IST" duration-ms="3756" status="PASS">
          <reporter-output>
          </reporter-output>
        </test-method> <!-- testEnterBookingDetails -->
        <test-method is-config="true" signature="teardown()[pri:0, instance:Test.DashboardTest@5fe94a96]" started-at="2025-02-28T23:54:37 IST" name="teardown" finished-at="2025-02-28T23:54:38 IST" duration-ms="394" status="PASS">
          <reporter-output>
          </reporter-output>
        </test-method> <!-- teardown -->
        <test-method is-config="true" signature="cleanupSuite()[pri:0, instance:Test.DashboardTest@5fe94a96]" started-at="2025-02-28T23:54:38 IST" name="cleanupSuite" finished-at="2025-02-28T23:54:38 IST" duration-ms="14" status="PASS">
          <reporter-output>
          </reporter-output>
        </test-method> <!-- cleanupSuite -->
      </class> <!-- Test.DashboardTest -->
    </test> <!-- Default test -->
  </suite> <!-- Default suite -->
</testng-results>
